0 info it worked if it ends with ok
1 verbose cli [ '/usr/bin/node', '/usr/bin/npm', 'show', 'vsce', 'version' ]
2 info using npm@3.5.2
3 info using node@v8.10.0
4 silly mapToRegistry name vsce
5 silly mapToRegistry using default registry
6 silly mapToRegistry registry https://registry.npmjs.org/
7 silly mapToRegistry uri https://registry.npmjs.org/vsce
8 verbose request uri https://registry.npmjs.org/vsce
9 verbose request no auth needed
10 info attempt registry request try #1 at 5:06:00 PM
11 verbose request id e8619cf29bc2a20c
12 verbose etag W/"a259599c16125a882ec3eceda9ad993d"
13 verbose lastModified Tue, 23 Jul 2019 09:41:17 GMT
14 http request GET https://registry.npmjs.org/vsce
15 http 304 https://registry.npmjs.org/vsce
16 verbose headers { date: 'Thu, 12 Sep 2019 09:06:02 GMT',
16 verbose headers   connection: 'keep-alive',
16 verbose headers   'set-cookie':
16 verbose headers    [ '__cfduid=d71a51f8f8d15a95def6f340adc9085b01568279161; expires=Fri, 11-Sep-20 09:06:01 GMT; path=/; domain=.npmjs.org; HttpOnly' ],
16 verbose headers   'cf-cache-status': 'HIT',
16 verbose headers   'cache-control': 'max-age=300',
16 verbose headers   'cf-ray': '5150b91a6ea6987b-LAX',
16 verbose headers   age: '5135',
16 verbose headers   etag: '"a259599c16125a882ec3eceda9ad993d"',
16 verbose headers   'expect-ct': 'max-age=604800, report-uri="https://report-uri.cloudflare.com/cdn-cgi/beacon/expect-ct"',
16 verbose headers   'last-modified': 'Tue, 23 Jul 2019 09:41:17 GMT',
16 verbose headers   vary: 'accept-encoding, accept',
16 verbose headers   'x-amz-meta-rev': '120-76c1cac020368d9a75da546dcf14671f',
16 verbose headers   server: 'cloudflare' }
17 silly get cb [ 304,
17 silly get   { date: 'Thu, 12 Sep 2019 09:06:02 GMT',
17 silly get     connection: 'keep-alive',
17 silly get     'set-cookie':
17 silly get      [ '__cfduid=d71a51f8f8d15a95def6f340adc9085b01568279161; expires=Fri, 11-Sep-20 09:06:01 GMT; path=/; domain=.npmjs.org; HttpOnly' ],
17 silly get     'cf-cache-status': 'HIT',
17 silly get     'cache-control': 'max-age=300',
17 silly get     'cf-ray': '5150b91a6ea6987b-LAX',
17 silly get     age: '5135',
17 silly get     etag: '"a259599c16125a882ec3eceda9ad993d"',
17 silly get     'expect-ct': 'max-age=604800, report-uri="https://report-uri.cloudflare.com/cdn-cgi/beacon/expect-ct"',
17 silly get     'last-modified': 'Tue, 23 Jul 2019 09:41:17 GMT',
17 silly get     vary: 'accept-encoding, accept',
17 silly get     'x-amz-meta-rev': '120-76c1cac020368d9a75da546dcf14671f',
17 silly get     server: 'cloudflare' } ]
18 verbose etag https://registry.npmjs.org/vsce from cache
19 verbose get saving vsce to /home/leo/.npm/registry.npmjs.org/vsce/.cache.json
20 verbose exit [ 0, true ]
21 verbose stack Error: write EPIPE
21 verbose stack     at _errnoException (util.js:1022:11)
21 verbose stack     at WriteWrap.afterWrite [as oncomplete] (net.js:880:14)
22 verbose cwd /home/leo/Desktop/Coding-Assist-Extension-Pack
23 error Linux 4.15.0-60-generic
24 error argv "/usr/bin/node" "/usr/bin/npm" "show" "vsce" "version"
25 error node v8.10.0
26 error npm  v3.5.2
27 error code EPIPE
28 error errno EPIPE
29 error syscall write
30 error write EPIPE
31 error If you need help, you may report this error at:
31 error     <https://github.com/npm/npm/issues>
32 verbose exit [ 1, true ]
